2026-03-05 23:19:24,745  [INFO    ]  Action file created  →  EMAIL_test-validation-msg-123_gmail.com.md
2026-03-05 23:19:24,757  [INFO    ]  Dashboard updated for  EMAIL_test-validation-msg-123_gmail.com.md
2026-03-05 23:28:48,382  [ERROR   ]  GMAIL_USER and GMAIL_APP_PASSWORD must be set in .env
2026-03-05 23:37:08,442  [ERROR   ]  GMAIL_USER and GMAIL_APP_PASSWORD must be set in .env
2026-03-05 23:45:47,667  [INFO    ]  ENV loaded: root=D:\AI_Employee_Vault\.env (exists=True), local=D:\AI_Employee_Vault\Skills\Gmail_Watcher\.env (exists=False)
2026-03-05 23:45:47,667  [INFO    ]  GMAIL_USER=areebabano986@gmail.com, APP_PASSWORD=***lgra, VAULT=D:\AI_Employee_Vault
2026-03-05 23:45:47,668  [INFO    ]  ==============================================================
2026-03-05 23:45:47,670  [INFO    ]    Gmail Watcher  —  Silver Tier Agent Skill
2026-03-05 23:45:47,671  [INFO    ]    Account       : areebabano986@gmail.com
2026-03-05 23:45:47,675  [INFO    ]    Filter        : UNSEEN + IMPORTANT
2026-03-05 23:45:47,676  [INFO    ]    Vault         : D:\AI_Employee_Vault
2026-03-05 23:45:47,677  [INFO    ]    Needs_Action  : D:\AI_Employee_Vault\Needs_Action
2026-03-05 23:45:47,677  [INFO    ]    Poll interval : 60s
2026-03-05 23:45:47,677  [INFO    ]  ==============================================================
2026-03-05 23:45:47,679  [INFO    ]  Loaded 0 already-processed message ID(s) from registry.
2026-03-05 23:45:47,679  [INFO    ]  Connecting to Gmail IMAP …
2026-03-05 23:45:49,378  [INFO    ]  No new unread+important emails.
2026-03-05 23:45:49,533  [INFO    ]  Next check in 60s …

2026-03-06 00:02:33,887  [INFO    ]  ENV loaded: root=D:\AI_Employee_Vault\.env (exists=True), local=D:\AI_Employee_Vault\Skills\Gmail_Watcher\.env (exists=False)
2026-03-06 00:02:33,888  [INFO    ]  GMAIL_USER=areebabano986@gmail.com, APP_PASSWORD=***lgra, VAULT=D:\AI_Employee_Vault
2026-03-06 00:02:36,165  [INFO    ]  Action file created  →  EMAIL_val-test-001_example.com.md
2026-03-06 00:02:36,172  [INFO    ]  Dashboard updated for  EMAIL_val-test-001_example.com.md
2026-03-06 03:43:13,941  [INFO    ]  ENV loaded: root=D:\AI_Employee_Vault\.env (exists=True), local=D:\AI_Employee_Vault\Skills\Gmail_Watcher\.env (exists=False)
2026-03-06 03:43:13,942  [INFO    ]  GMAIL_USER=areebabano986@gmail.com, APP_PASSWORD=***lgra, VAULT=D:\AI_Employee_Vault
2026-03-06 03:43:13,943  [INFO    ]  ==============================================================
2026-03-06 03:43:13,943  [INFO    ]    Gmail Watcher  —  Silver Tier Agent Skill
2026-03-06 03:43:13,943  [INFO    ]    Account       : areebabano986@gmail.com
2026-03-06 03:43:13,943  [INFO    ]    Filter        : UNSEEN + IMPORTANT
2026-03-06 03:43:13,943  [INFO    ]    Vault         : D:\AI_Employee_Vault
2026-03-06 03:43:13,943  [INFO    ]    Needs_Action  : D:\AI_Employee_Vault\Needs_Action
2026-03-06 03:43:13,944  [INFO    ]    Poll interval : 60s
2026-03-06 03:43:13,944  [INFO    ]  ==============================================================
2026-03-06 03:43:13,982  [INFO    ]  Loaded 0 already-processed message ID(s) from registry.
2026-03-06 03:43:13,983  [INFO    ]  Connecting to Gmail IMAP …
2026-03-06 03:43:15,549  [INFO    ]  No new unread+important emails.
2026-03-06 03:43:15,703  [INFO    ]  Next check in 60s …

2026-03-06 03:44:15,704  [INFO    ]  Connecting to Gmail IMAP …
2026-03-06 03:44:17,092  [INFO    ]  No new unread+important emails.
2026-03-06 03:44:17,297  [INFO    ]  Next check in 60s …

2026-03-06 03:45:17,298  [INFO    ]  Connecting to Gmail IMAP …
2026-03-06 03:45:18,947  [INFO    ]  No new unread+important emails.
2026-03-06 03:45:19,150  [INFO    ]  Next check in 60s …

2026-03-06 03:46:19,151  [INFO    ]  Connecting to Gmail IMAP …
2026-03-06 03:46:23,534  [INFO    ]  No new unread+important emails.
2026-03-06 03:46:23,968  [INFO    ]  Next check in 60s …

2026-03-06 03:47:23,968  [INFO    ]  Connecting to Gmail IMAP …
2026-03-06 03:47:25,511  [INFO    ]  No new unread+important emails.
2026-03-06 03:47:25,715  [INFO    ]  Next check in 60s …

2026-03-06 03:48:25,716  [INFO    ]  Connecting to Gmail IMAP …
2026-03-06 03:48:31,241  [INFO    ]  No new unread+important emails.
2026-03-06 03:48:31,457  [INFO    ]  Next check in 60s …

2026-03-06 03:49:31,458  [INFO    ]  Connecting to Gmail IMAP …
2026-03-06 03:49:33,307  [INFO    ]  No new unread+important emails.
2026-03-06 03:49:33,513  [INFO    ]  Next check in 60s …

2026-03-06 03:50:33,514  [INFO    ]  Connecting to Gmail IMAP …
2026-03-06 03:50:35,058  [INFO    ]  No new unread+important emails.
2026-03-06 03:50:35,263  [INFO    ]  Next check in 60s …

2026-03-06 03:51:35,263  [INFO    ]  Connecting to Gmail IMAP …
2026-03-06 03:51:38,090  [INFO    ]  No new unread+important emails.
2026-03-06 03:51:38,408  [INFO    ]  Next check in 60s …

2026-03-06 03:52:38,409  [INFO    ]  Connecting to Gmail IMAP …
2026-03-06 03:52:40,617  [INFO    ]  No new unread+important emails.
2026-03-06 03:52:40,804  [INFO    ]  Next check in 60s …

2026-03-06 03:53:40,811  [INFO    ]  Connecting to Gmail IMAP …
2026-03-06 03:53:42,142  [INFO    ]  No new unread+important emails.
2026-03-06 03:53:42,335  [INFO    ]  Next check in 60s …

2026-03-06 03:54:42,343  [INFO    ]  Connecting to Gmail IMAP …
2026-03-06 03:54:43,890  [INFO    ]  No new unread+important emails.
2026-03-06 03:54:44,043  [INFO    ]  Next check in 60s …

2026-03-06 03:55:44,044  [INFO    ]  Connecting to Gmail IMAP …
2026-03-06 03:55:45,281  [INFO    ]  No new unread+important emails.
2026-03-06 03:55:45,460  [INFO    ]  Next check in 60s …

2026-03-06 03:56:45,461  [INFO    ]  Connecting to Gmail IMAP …
2026-03-06 03:56:47,078  [INFO    ]  No new unread+important emails.
2026-03-06 03:56:47,595  [INFO    ]  Next check in 60s …

2026-03-06 03:57:47,602  [INFO    ]  Connecting to Gmail IMAP …
2026-03-06 03:57:48,744  [INFO    ]  No new unread+important emails.
2026-03-06 03:57:48,907  [INFO    ]  Next check in 60s …

2026-03-06 03:58:48,910  [INFO    ]  Connecting to Gmail IMAP …
2026-03-06 03:58:50,369  [INFO    ]  No new unread+important emails.
2026-03-06 03:58:50,533  [INFO    ]  Next check in 60s …

2026-03-06 03:59:50,533  [INFO    ]  Connecting to Gmail IMAP …
2026-03-06 03:59:51,912  [INFO    ]  No new unread+important emails.
2026-03-06 03:59:52,119  [INFO    ]  Next check in 60s …

2026-03-06 04:01:28,152  [INFO    ]  Connecting to Gmail IMAP …
2026-03-06 04:01:30,331  [INFO    ]  No new unread+important emails.
2026-03-06 04:01:30,648  [INFO    ]  Next check in 60s …

2026-03-06 04:02:30,648  [INFO    ]  Connecting to Gmail IMAP …
2026-03-06 04:02:32,285  [INFO    ]  No new unread+important emails.
2026-03-06 04:02:32,487  [INFO    ]  Next check in 60s …

