2026-02-25 07:00:04,812  [INFO    ]  ==============================================================
2026-02-25 07:00:04,814  [INFO    ]    Daily Briefing  —  Bronze Tier Brain Layer
2026-02-25 07:00:04,814  [INFO    ]    Vault         : D:\AI_Employee_Vault
2026-02-25 07:00:04,815  [INFO    ]    Briefing file : DAILY_BRIEFING.md
2026-02-25 07:00:04,816  [INFO    ]  ==============================================================
2026-02-25 07:00:04,817  [INFO    ]  Scanning vault …
2026-02-25 07:00:04,902  [INFO    ]    Needs_Action : 1 item(s)
2026-02-25 07:00:04,904  [INFO    ]    Plans        : 1 plan(s)
2026-02-25 07:00:04,904  [INFO    ]    Done         : 0 item(s)
2026-02-25 07:00:04,905  [WARNING ]    HIGH priority: 1 item(s) require immediate attention!
2026-02-25 07:00:04,909  [INFO    ]  Briefing written  →  DAILY_BRIEFING.md
2026-02-25 07:00:04,917  [INFO    ]  Dashboard.md updated.
2026-02-25 07:00:04,918  [INFO    ]  Daily Briefing complete.
2026-02-25 07:00:04,919  [WARNING ]  ACTION NEEDED: 1 HIGH-priority item(s) are pending!
2026-02-25 07:00:04,921  [INFO    ]  Open DAILY_BRIEFING.md in Obsidian to review.
2026-03-06 03:46:05,907  [INFO    ]  ==============================================================
2026-03-06 03:46:05,910  [INFO    ]    Daily Briefing  —  Bronze Tier Brain Layer
2026-03-06 03:46:05,911  [INFO    ]    Vault         : D:\AI_Employee_Vault
2026-03-06 03:46:05,911  [INFO    ]    Briefing file : DAILY_BRIEFING.md
2026-03-06 03:46:05,911  [INFO    ]  ==============================================================
2026-03-06 03:46:05,911  [INFO    ]  Scanning vault …
2026-03-06 03:46:05,942  [INFO    ]    Needs_Action : 5 item(s)
2026-03-06 03:46:05,943  [INFO    ]    Plans        : 7 plan(s)
2026-03-06 03:46:05,943  [INFO    ]    Done         : 8 item(s)
2026-03-06 03:46:05,944  [WARNING ]    HIGH priority: 1 item(s) require immediate attention!
2026-03-06 03:46:05,947  [INFO    ]  Briefing written  →  DAILY_BRIEFING.md
2026-03-06 03:46:05,963  [INFO    ]  Dashboard.md updated.
2026-03-06 03:46:05,963  [INFO    ]  Daily Briefing complete.
2026-03-06 03:46:05,963  [WARNING ]  ACTION NEEDED: 1 HIGH-priority item(s) are pending!
2026-03-06 03:46:05,963  [INFO    ]  Open DAILY_BRIEFING.md in Obsidian to review.
