2026-03-05 23:13:48,960  [INFO    ]  Copied  silver_validation_test.txt  →  20260305_231348_silver_validation_test.txt
2026-03-05 23:13:49,201  [INFO    ]  Metadata note created  →  FILE_20260305_231348_silver_validation_test.md
2026-03-05 23:28:32,724  [INFO    ]  ==============================================================
2026-03-05 23:28:32,725  [INFO    ]    File System Watcher  —  Silver Tier Agent Skill
2026-03-05 23:28:32,726  [INFO    ]    Watching      : D:\AI_Employee_Vault\Inbox
2026-03-05 23:28:32,726  [INFO    ]    Needs_Action  : D:\AI_Employee_Vault\Needs_Action
2026-03-05 23:28:32,726  [INFO    ]    Watched exts  : .csv, .docx, .jpeg, .jpg, .mp3, .mp4, .pdf, .png, .txt, .xlsx, .zip
2026-03-05 23:28:32,727  [INFO    ]  ==============================================================
2026-03-05 23:28:32,729  [INFO    ]  Observer running. Drop files into:  D:\AI_Employee_Vault\Inbox
2026-03-05 23:28:32,730  [INFO    ]  Press Ctrl+C to stop.

2026-03-05 23:59:33,193  [INFO    ]  New file detected: validation_test.csv
2026-03-05 23:59:33,238  [INFO    ]  Copied  validation_test.csv  →  20260305_235933_validation_test.csv
2026-03-05 23:59:33,509  [INFO    ]  Metadata note created  →  FILE_20260305_235933_validation_test.md
2026-03-05 23:59:33,540  [INFO    ]  Copied  validation_test.docx  →  20260305_235933_validation_test.docx
2026-03-05 23:59:33,542  [INFO    ]  Metadata note created  →  FILE_20260305_235933_validation_test.md
2026-03-05 23:59:33,548  [INFO    ]  Copied  validation_test.jpeg  →  20260305_235933_validation_test.jpeg
2026-03-05 23:59:33,551  [INFO    ]  Metadata note created  →  FILE_20260305_235933_validation_test.md
2026-03-05 23:59:33,557  [INFO    ]  Copied  validation_test.jpg  →  20260305_235933_validation_test.jpg
2026-03-05 23:59:33,559  [INFO    ]  Metadata note created  →  FILE_20260305_235933_validation_test.md
2026-03-05 23:59:33,595  [INFO    ]  Copied  validation_test.mp3  →  20260305_235933_validation_test.mp3
2026-03-05 23:59:33,598  [INFO    ]  Metadata note created  →  FILE_20260305_235933_validation_test.md
2026-03-05 23:59:33,606  [INFO    ]  Copied  validation_test.mp4  →  20260305_235933_validation_test.mp4
2026-03-05 23:59:33,608  [INFO    ]  Metadata note created  →  FILE_20260305_235933_validation_test.md
2026-03-05 23:59:33,613  [INFO    ]  Copied  validation_test.pdf  →  20260305_235933_validation_test.pdf
2026-03-05 23:59:33,614  [INFO    ]  Metadata note created  →  FILE_20260305_235933_validation_test.md
2026-03-05 23:59:33,623  [INFO    ]  Copied  validation_test.png  →  20260305_235933_validation_test.png
2026-03-05 23:59:33,625  [INFO    ]  Metadata note created  →  FILE_20260305_235933_validation_test.md
2026-03-05 23:59:33,631  [INFO    ]  Copied  validation_test.txt  →  20260305_235933_validation_test.txt
2026-03-05 23:59:33,632  [INFO    ]  Metadata note created  →  FILE_20260305_235933_validation_test.md
2026-03-05 23:59:33,636  [INFO    ]  Copied  validation_test.xlsx  →  20260305_235933_validation_test.xlsx
2026-03-05 23:59:33,638  [INFO    ]  Metadata note created  →  FILE_20260305_235933_validation_test.md
2026-03-05 23:59:33,658  [INFO    ]  Copied  validation_test.zip  →  20260305_235933_validation_test.zip
2026-03-05 23:59:33,660  [INFO    ]  Metadata note created  →  FILE_20260305_235933_validation_test.md
2026-03-05 23:59:33,996  [ERROR   ]  Failed to process validation_test.csv: [WinError 2] The system cannot find the file specified
2026-03-05 23:59:33,998  [INFO    ]  New file detected: validation_test.docx
2026-03-05 23:59:34,802  [ERROR   ]  Failed to process validation_test.docx: [WinError 2] The system cannot find the file specified
2026-03-05 23:59:34,805  [INFO    ]  New file detected: validation_test.jpeg
2026-03-05 23:59:35,607  [ERROR   ]  Failed to process validation_test.jpeg: [WinError 2] The system cannot find the file specified
2026-03-05 23:59:35,608  [INFO    ]  New file detected: validation_test.jpg
2026-03-05 23:59:36,410  [ERROR   ]  Failed to process validation_test.jpg: [WinError 2] The system cannot find the file specified
2026-03-05 23:59:36,417  [INFO    ]  New file detected: validation_test.mp3
2026-03-05 23:59:37,219  [ERROR   ]  Failed to process validation_test.mp3: [WinError 2] The system cannot find the file specified
2026-03-05 23:59:37,221  [INFO    ]  New file detected: validation_test.mp4
2026-03-05 23:59:38,022  [ERROR   ]  Failed to process validation_test.mp4: [WinError 2] The system cannot find the file specified
2026-03-05 23:59:38,022  [INFO    ]  New file detected: validation_test.pdf
2026-03-05 23:59:38,824  [ERROR   ]  Failed to process validation_test.pdf: [WinError 2] The system cannot find the file specified
2026-03-05 23:59:38,824  [INFO    ]  New file detected: validation_test.png
2026-03-05 23:59:39,625  [ERROR   ]  Failed to process validation_test.png: [WinError 2] The system cannot find the file specified
2026-03-05 23:59:39,625  [INFO    ]  New file detected: validation_test.txt
2026-03-05 23:59:40,430  [ERROR   ]  Failed to process validation_test.txt: [WinError 2] The system cannot find the file specified
2026-03-05 23:59:40,431  [INFO    ]  New file detected: validation_test.xlsx
2026-03-05 23:59:41,232  [ERROR   ]  Failed to process validation_test.xlsx: [WinError 2] The system cannot find the file specified
2026-03-05 23:59:41,234  [INFO    ]  New file detected: validation_test.zip
2026-03-05 23:59:42,035  [ERROR   ]  Failed to process validation_test.zip: [WinError 2] The system cannot find the file specified
2026-03-06 00:00:12,193  [INFO    ]  New file detected: vtest_00_file.csv
2026-03-06 00:00:13,042  [INFO    ]  Copied  vtest_00_file.csv  →  20260306_000013_vtest_00_file.csv
2026-03-06 00:00:13,208  [INFO    ]  Metadata note created  →  FILE_20260306_000013_vtest_00_file.md
2026-03-06 00:00:13,306  [INFO    ]  Copied  vtest_00_file.csv  →  20260306_000013_vtest_00_file.csv
2026-03-06 00:00:13,453  [INFO    ]  Metadata note created  →  FILE_20260306_000013_vtest_00_file.md
2026-03-06 00:00:13,490  [INFO    ]  New file detected: vtest_01_file.docx
2026-03-06 00:00:14,298  [INFO    ]  Copied  vtest_01_file.docx  →  20260306_000014_vtest_01_file.docx
2026-03-06 00:00:14,307  [INFO    ]  Metadata note created  →  FILE_20260306_000014_vtest_01_file.md
2026-03-06 00:00:14,596  [INFO    ]  Copied  vtest_01_file.docx  →  20260306_000014_vtest_01_file.docx
2026-03-06 00:00:14,598  [INFO    ]  Metadata note created  →  FILE_20260306_000014_vtest_01_file.md
2026-03-06 00:00:14,618  [INFO    ]  New file detected: vtest_02_file.jpeg
2026-03-06 00:00:15,432  [INFO    ]  Copied  vtest_02_file.jpeg  →  20260306_000015_vtest_02_file.jpeg
2026-03-06 00:00:15,436  [INFO    ]  Metadata note created  →  FILE_20260306_000015_vtest_02_file.md
2026-03-06 00:00:15,725  [INFO    ]  Copied  vtest_02_file.jpeg  →  20260306_000015_vtest_02_file.jpeg
2026-03-06 00:00:15,727  [INFO    ]  Metadata note created  →  FILE_20260306_000015_vtest_02_file.md
2026-03-06 00:00:15,768  [INFO    ]  New file detected: vtest_03_file.jpg
2026-03-06 00:00:16,571  [INFO    ]  Copied  vtest_03_file.jpg  →  20260306_000016_vtest_03_file.jpg
2026-03-06 00:00:16,575  [INFO    ]  Metadata note created  →  FILE_20260306_000016_vtest_03_file.md
2026-03-06 00:00:16,873  [INFO    ]  Copied  vtest_03_file.jpg  →  20260306_000016_vtest_03_file.jpg
2026-03-06 00:00:16,874  [INFO    ]  Metadata note created  →  FILE_20260306_000016_vtest_03_file.md
2026-03-06 00:00:16,899  [INFO    ]  New file detected: vtest_04_file.mp3
2026-03-06 00:00:17,726  [INFO    ]  Copied  vtest_04_file.mp3  →  20260306_000017_vtest_04_file.mp3
2026-03-06 00:00:17,733  [INFO    ]  Metadata note created  →  FILE_20260306_000017_vtest_04_file.md
2026-03-06 00:00:18,002  [INFO    ]  Copied  vtest_04_file.mp3  →  20260306_000018_vtest_04_file.mp3
2026-03-06 00:00:18,004  [INFO    ]  Metadata note created  →  FILE_20260306_000018_vtest_04_file.md
2026-03-06 00:00:18,007  [INFO    ]  New file detected: vtest_05_file.mp4
2026-03-06 00:00:18,815  [INFO    ]  Copied  vtest_05_file.mp4  →  20260306_000018_vtest_05_file.mp4
2026-03-06 00:00:18,845  [INFO    ]  Metadata note created  →  FILE_20260306_000018_vtest_05_file.md
2026-03-06 00:00:19,116  [INFO    ]  Copied  vtest_05_file.mp4  →  20260306_000019_vtest_05_file.mp4
2026-03-06 00:00:19,117  [INFO    ]  Metadata note created  →  FILE_20260306_000019_vtest_05_file.md
2026-03-06 00:00:19,122  [INFO    ]  New file detected: vtest_06_file.pdf
2026-03-06 00:00:19,931  [INFO    ]  Copied  vtest_06_file.pdf  →  20260306_000019_vtest_06_file.pdf
2026-03-06 00:00:19,934  [INFO    ]  Metadata note created  →  FILE_20260306_000019_vtest_06_file.md
2026-03-06 00:00:20,230  [INFO    ]  Copied  vtest_06_file.pdf  →  20260306_000020_vtest_06_file.pdf
2026-03-06 00:00:20,232  [INFO    ]  Metadata note created  →  FILE_20260306_000020_vtest_06_file.md
2026-03-06 00:00:20,234  [INFO    ]  New file detected: vtest_07_file.png
2026-03-06 00:00:21,043  [INFO    ]  Copied  vtest_07_file.png  →  20260306_000021_vtest_07_file.png
2026-03-06 00:00:21,046  [INFO    ]  Metadata note created  →  FILE_20260306_000021_vtest_07_file.md
2026-03-06 00:00:21,340  [INFO    ]  Copied  vtest_07_file.png  →  20260306_000021_vtest_07_file.png
2026-03-06 00:00:21,343  [INFO    ]  Metadata note created  →  FILE_20260306_000021_vtest_07_file.md
2026-03-06 00:00:21,366  [INFO    ]  New file detected: vtest_08_file.txt
2026-03-06 00:00:22,187  [INFO    ]  Copied  vtest_08_file.txt  →  20260306_000022_vtest_08_file.txt
2026-03-06 00:00:22,189  [INFO    ]  Metadata note created  →  FILE_20260306_000022_vtest_08_file.md
2026-03-06 00:00:22,476  [INFO    ]  Copied  vtest_08_file.txt  →  20260306_000022_vtest_08_file.txt
2026-03-06 00:00:22,478  [INFO    ]  Metadata note created  →  FILE_20260306_000022_vtest_08_file.md
2026-03-06 00:00:22,509  [INFO    ]  New file detected: vtest_09_file.xlsx
2026-03-06 00:00:23,342  [INFO    ]  Copied  vtest_09_file.xlsx  →  20260306_000023_vtest_09_file.xlsx
2026-03-06 00:00:23,344  [INFO    ]  Metadata note created  →  FILE_20260306_000023_vtest_09_file.md
2026-03-06 00:00:23,621  [INFO    ]  Copied  vtest_09_file.xlsx  →  20260306_000023_vtest_09_file.xlsx
2026-03-06 00:00:23,623  [INFO    ]  Metadata note created  →  FILE_20260306_000023_vtest_09_file.md
2026-03-06 00:00:23,661  [INFO    ]  New file detected: vtest_10_file.zip
2026-03-06 00:00:24,464  [INFO    ]  Copied  vtest_10_file.zip  →  20260306_000024_vtest_10_file.zip
2026-03-06 00:00:24,467  [INFO    ]  Metadata note created  →  FILE_20260306_000024_vtest_10_file.md
2026-03-06 00:00:24,764  [INFO    ]  Copied  vtest_10_file.zip  →  20260306_000024_vtest_10_file.zip
2026-03-06 00:00:24,765  [INFO    ]  Metadata note created  →  FILE_20260306_000024_vtest_10_file.md
2026-03-06 03:43:13,971  [INFO    ]  ==============================================================
2026-03-06 03:43:13,971  [INFO    ]    File System Watcher  —  Silver Tier Agent Skill
2026-03-06 03:43:13,972  [INFO    ]    Watching      : D:\AI_Employee_Vault\Inbox
2026-03-06 03:43:13,972  [INFO    ]    Needs_Action  : D:\AI_Employee_Vault\Needs_Action
2026-03-06 03:43:13,972  [INFO    ]    Watched exts  : .csv, .docx, .jpeg, .jpg, .mp3, .mp4, .pdf, .png, .txt, .xlsx, .zip
2026-03-06 03:43:13,973  [INFO    ]  ==============================================================
2026-03-06 03:43:13,993  [INFO    ]  Observer running. Drop files into:  D:\AI_Employee_Vault\Inbox
2026-03-06 03:43:13,994  [INFO    ]  Press Ctrl+C to stop.

