2026-03-05 23:15:20,034  [INFO    ]  APPROVED: APPROVAL_PLAN_EMAIL_BAD_SOURCE_20260302_203758.md
2026-03-05 23:15:20,124  [INFO    ]    -> Archived to Done/APPROVAL_PLAN_EMAIL_BAD_SOURCE_20260302_203758.md
2026-03-05 23:15:20,125  [INFO    ]  APPROVED: APPROVAL_PLAN_EMAIL_BATCH_A_20260302_203758.md
2026-03-05 23:15:20,175  [INFO    ]    -> Archived to Done/APPROVAL_PLAN_EMAIL_BATCH_A_20260302_203758.md
2026-03-05 23:15:20,177  [INFO    ]  APPROVED: APPROVAL_PLAN_EMAIL_BATCH_B_20260302_203758.md
2026-03-05 23:15:20,252  [INFO    ]    -> Archived to Done/APPROVAL_PLAN_EMAIL_BATCH_B_20260302_203758.md
2026-03-05 23:15:20,253  [INFO    ]  APPROVED: APPROVAL_PLAN_EMAIL_BATCH_C_20260302_203759.md
2026-03-05 23:15:20,326  [INFO    ]    -> Archived to Done/APPROVAL_PLAN_EMAIL_BATCH_C_20260302_203759.md
2026-03-05 23:15:20,327  [INFO    ]  APPROVED: APPROVAL_PLAN_EMAIL_NO_RECIPIENT_20260302_203759.md
2026-03-05 23:15:20,404  [INFO    ]    -> Archived to Done/APPROVAL_PLAN_EMAIL_NO_RECIPIENT_20260302_203759.md
2026-03-05 23:15:20,405  [INFO    ]  APPROVED: APPROVAL_PLAN_EMAIL_TEST_SILVER_20260302_203759.md
2026-03-05 23:15:20,471  [INFO    ]    -> Archived to Done/APPROVAL_PLAN_EMAIL_TEST_SILVER_20260302_203759.md
2026-03-05 23:15:20,471  [INFO    ]  APPROVED: TEST_APPROVE_VALIDATION.md
2026-03-05 23:15:20,531  [INFO    ]    -> Archived to Done/TEST_APPROVE_VALIDATION.md
2026-03-05 23:15:20,535  [INFO    ]  REJECTED: TEST_REJECT_VALIDATION.md
2026-03-05 23:15:20,581  [INFO    ]    -> Archived to Done/REJECTED_TEST_REJECT_VALIDATION.md
2026-03-05 23:29:24,966  [INFO    ]  ==============================================================
2026-03-05 23:29:24,966  [INFO    ]    Approval Watcher — Silver Tier Agent Skill
2026-03-05 23:29:24,967  [INFO    ]    Approved  : D:\AI_Employee_Vault\Approved
2026-03-05 23:29:24,967  [INFO    ]    Rejected  : D:\AI_Employee_Vault\Rejected
2026-03-05 23:29:24,967  [INFO    ]    Archive   : D:\AI_Employee_Vault\Done
2026-03-05 23:29:24,968  [INFO    ]    Logs      : D:\AI_Employee_Vault\Logs
2026-03-05 23:29:24,968  [INFO    ]    Poll      : every 5 seconds
2026-03-05 23:29:24,968  [INFO    ]  ==============================================================
2026-03-05 23:29:24,968  [INFO    ]  Press Ctrl+C to stop.

2026-03-06 03:43:14,063  [INFO    ]  ==============================================================
2026-03-06 03:43:14,069  [INFO    ]    Approval Watcher — Silver Tier Agent Skill
2026-03-06 03:43:14,069  [INFO    ]    Approved  : D:\AI_Employee_Vault\Approved
2026-03-06 03:43:14,070  [INFO    ]    Rejected  : D:\AI_Employee_Vault\Rejected
2026-03-06 03:43:14,070  [INFO    ]    Archive   : D:\AI_Employee_Vault\Done
2026-03-06 03:43:14,070  [INFO    ]    Logs      : D:\AI_Employee_Vault\Logs
2026-03-06 03:43:14,070  [INFO    ]    Poll      : every 5 seconds
2026-03-06 03:43:14,070  [INFO    ]  ==============================================================
2026-03-06 03:43:14,070  [INFO    ]  Press Ctrl+C to stop.

